========================================================================================
Report      : INFO
Date        : Tue Oct 23 08:55:49 2012
Description : The user file-creation mask (0002) set for the service specifies
              exclusive read or write access for at least one of the access catagories.
              Read and write access should always be paired,
              both prohibit or granted for each access catagory.
              Therefore the service has set the user access permissions
              for the shared memory segment associated to this domain to (0006).
Domain      : "OpenSpliceV5.5.1OSS"
Node        : salman
Process     : spliced <4071>
Thread      : main thread 7fd973c81700
Internals   : V5.5.1OSS/os_svr4_getKey/os_sharedmem_seg.c/334/1/974269432
========================================================================================
Report      : INFO
Date        : Tue Oct 23 08:55:49 2012
Description : The shared-memory-creation mask (0002) set for the service specifies
              exclusive read or write access for at least one of the access catagories.
              Read and write access should always be paired,
              both prohibit or granted for each access catagory.
              Therefore the service has set the user access permissions
              for the shared memory segment associated to this domain to (0006).
Domain      : "OpenSpliceV5.5.1OSS"
Node        : salman
Process     : spliced <4071>
Thread      : main thread 7fd973c81700
Internals   : V5.5.1OSS/os_svr4_sharedMemoryCreate/os_sharedmem_seg.c/529/1/974459851
========================================================================================
Report      : INFO
Date        : Tue Oct 23 08:55:49 2012
Description : +++++++++++++++++++++++++++++++++++++++++++
              ++ The service has successfully started. ++
              +++++++++++++++++++++++++++++++++++++++++++
Storage     : 10240 Kbytes.
Locking     : default
Domain      : "OpenSpliceV5.5.1OSS"
Node        : salman
Process     : spliced <4071>
Thread      : main thread 7fd973c81700
Internals   : V5.5.1OSS/The OpenSplice domain service/u_domain.c/636/0/991571104
========================================================================================
Report      : INFO
Date        : Tue Oct 23 08:55:49 2012
Description : Daemon: Locking not defined using default value disabled
Node        : salman
Process     : spliced <4071>
Thread      : main thread 7fd973c81700
Internals   : V5.5.1OSS/lockPages/u_spliced.c/109/0/991733752
========================================================================================
Report      : INFO
Date        : Tue Oct 23 08:55:49 2012
Description : Resend Manager for Participant 0x16b5970 started
Node        : salman
Process     : spliced <4071>
Thread      : resendManager 7fd973c7f700
Internals   : V5.5.1OSS/u_participant::resendManagerMain/u_participant.c/93/0/992376637
========================================================================================
Report      : INFO
Date        : Tue Oct 23 08:55:49 2012
Description : Lease Manager for Participant 0x16b5970 started
Node        : salman
Process     : spliced <4071>
Thread      : watchdog 7fd973ca2700
Internals   : V5.5.1OSS/u_participant::leaseManagerMain/u_participant.c/63/0/992401377
========================================================================================
Report      : INFO
Date        : Tue Oct 23 08:55:49 2012
Description : Taking default for <Configuration> parameter service durability
Node        : salman
Process     : spliced <4071>
Thread      : main thread 7fd973c81700
Internals   : V5.5.1OSS/OpenSplice domain service/sr_serviceInfo.c/91/0/992620417
========================================================================================
Report      : INFO
Date        : Tue Oct 23 08:55:49 2012
Description : Taking default for <Arguments> parameter service durability
Node        : salman
Process     : spliced <4071>
Thread      : main thread 7fd973c81700
Internals   : V5.5.1OSS/OpenSplice domain service/sr_serviceInfo.c/127/0/992661889
========================================================================================
Report      : INFO
Date        : Tue Oct 23 08:55:49 2012
Description : Taking default for <Scheduling/Class> parameter service durability
Node        : salman
Process     : spliced <4071>
Thread      : main thread 7fd973c81700
Internals   : V5.5.1OSS/OpenSplice domain service/sr_serviceInfo.c/188/0/992693016
========================================================================================
Report      : INFO
Date        : Tue Oct 23 08:55:49 2012
Description : Taking default for <Scheduling/Priority> parameter service durability
Node        : salman
Process     : spliced <4071>
Thread      : main thread 7fd973c81700
Internals   : V5.5.1OSS/OpenSplice domain service/sr_serviceInfo.c/233/0/992716130
========================================================================================
Report      : INFO
Date        : Tue Oct 23 08:55:49 2012
Description : Taking default for <Scheduling/Priority[@priority_kind]> parameter for  service durability
Node        : salman
Process     : spliced <4071>
Thread      : main thread 7fd973c81700
Internals   : V5.5.1OSS/OpenSplice domain service/sr_serviceInfo.c/289/0/992737403
========================================================================================
Report      : INFO
Date        : Tue Oct 23 08:55:49 2012
Description : Taking default for <FailureAction> parameter service durability
Node        : salman
Process     : spliced <4071>
Thread      : main thread 7fd973c81700
Internals   : V5.5.1OSS/OpenSplice domain service/sr_serviceInfo.c/352/0/992760665
========================================================================================
Report      : INFO
Date        : Tue Oct 23 08:55:49 2012
Description : Taking default for <Configuration> parameter service networking
Node        : salman
Process     : spliced <4071>
Thread      : main thread 7fd973c81700
Internals   : V5.5.1OSS/OpenSplice domain service/sr_serviceInfo.c/91/0/992790298
========================================================================================
Report      : INFO
Date        : Tue Oct 23 08:55:49 2012
Description : Taking default for <Arguments> parameter service networking
Node        : salman
Process     : spliced <4071>
Thread      : main thread 7fd973c81700
Internals   : V5.5.1OSS/OpenSplice domain service/sr_serviceInfo.c/127/0/992811334
========================================================================================
Report      : INFO
Date        : Tue Oct 23 08:55:49 2012
Description : Taking default for <Scheduling/Class> parameter service networking
Node        : salman
Process     : spliced <4071>
Thread      : main thread 7fd973c81700
Internals   : V5.5.1OSS/OpenSplice domain service/sr_serviceInfo.c/188/0/992833820
========================================================================================
Report      : INFO
Date        : Tue Oct 23 08:55:49 2012
Description : Taking default for <Scheduling/Priority> parameter service networking
Node        : salman
Process     : spliced <4071>
Thread      : main thread 7fd973c81700
Internals   : V5.5.1OSS/OpenSplice domain service/sr_serviceInfo.c/233/0/992854199
========================================================================================
Report      : INFO
Date        : Tue Oct 23 08:55:49 2012
Description : Taking default for <Scheduling/Priority[@priority_kind]> parameter for  service networking
Node        : salman
Process     : spliced <4071>
Thread      : main thread 7fd973c81700
Internals   : V5.5.1OSS/OpenSplice domain service/sr_serviceInfo.c/289/0/992876286
========================================================================================
Report      : INFO
Date        : Tue Oct 23 08:55:49 2012
Description : Taking default for <FailureAction> parameter service networking
Node        : salman
Process     : spliced <4071>
Thread      : main thread 7fd973c81700
Internals   : V5.5.1OSS/OpenSplice domain service/sr_serviceInfo.c/352/0/992896560
========================================================================================
Report      : INFO
Date        : Tue Oct 23 08:55:49 2012
Description : The C&M Service thread is started.
Node        : salman
Process     : spliced <4071>
Thread      : OSPL C&M Command Manager 7fd973b5b700
Internals   : V5.5.1OSS/v_splicedBuiltinCAndMCommandDispatcher/v_spliced.c/2045/0/993343552
========================================================================================
Report      : INFO
Date        : Tue Oct 23 08:55:49 2012
Description : Started service durability with args "durability" "file:///home/all/HDE/x86_64.linux2.6/etc/config/ospl.xml"
Node        : salman
Process     : spliced <4071>
Thread      : main thread 7fd973c81700
Internals   : V5.5.1OSS/OpenSplice domain service/spliced.c/404/0/993595975
========================================================================================
Report      : INFO
Date        : Tue Oct 23 08:55:49 2012
Description : Started service networking with args "networking" "file:///home/all/HDE/x86_64.linux2.6/etc/config/ospl.xml"
Node        : salman
Process     : spliced <4071>
Thread      : main thread 7fd973c81700
Internals   : V5.5.1OSS/OpenSplice domain service/spliced.c/404/0/993712318
========================================================================================
Report      : INFO
Date        : Tue Oct 23 08:55:49 2012
Description : service 'durability': Locking disabled
Node        : salman
Process     : durability <4081>
Thread      : main thread 7f5c46b28700
Internals   : V5.5.1OSS/lockPages/u_service.c/128/0/995702433
========================================================================================
Report      : INFO
Date        : Tue Oct 23 08:55:49 2012
Description : service 'networking': Locking disabled
Node        : salman
Process     : networking <4082>
Thread      : main thread 7fb293c3c700
Internals   : V5.5.1OSS/lockPages/u_service.c/128/0/995926922
========================================================================================
Report      : INFO
Date        : Tue Oct 23 08:55:49 2012
Description : Lease Manager for Participant 0x1b06b70 started
Node        : salman
Process     : durability <4081>
Thread      : watchdog 7f5c46b49700
Internals   : V5.5.1OSS/u_participant::leaseManagerMain/u_participant.c/63/0/996380819
========================================================================================
Report      : INFO
Date        : Tue Oct 23 08:55:49 2012
Description : Resend Manager for Participant 0x1b06b70 started
Node        : salman
Process     : durability <4081>
Thread      : resendManager 7f5c46b26700
Internals   : V5.5.1OSS/u_participant::resendManagerMain/u_participant.c/93/0/996440004
========================================================================================
Report      : INFO
Date        : Tue Oct 23 08:55:49 2012
Description : Lease Manager for Participant 0x1003aa0 started
Node        : salman
Process     : networking <4082>
Thread      : watchdog 7fb293c5e700
Internals   : V5.5.1OSS/u_participant::leaseManagerMain/u_participant.c/63/0/996673504
========================================================================================
Report      : INFO
Date        : Tue Oct 23 08:55:49 2012
Description : Resend Manager for Participant 0x1003aa0 started
Node        : salman
Process     : networking <4082>
Thread      : resendManager 7fb293c3a700
Internals   : V5.5.1OSS/u_participant::resendManagerMain/u_participant.c/93/0/996692154
========================================================================================
Report      : INFO
Date        : Tue Oct 23 08:55:49 2012
Description : my NodeId = 0x3b70de2d
Node        : salman
Process     : networking <4082>
Thread      : main thread 7fb293c3c700
Internals   : V5.5.1OSS/networking: nw_controllerInitialize/nw_controller.c/786/0/998192765
========================================================================================
Report      : INFO
Date        : Tue Oct 23 08:55:50 2012
Description : Durability identification is: 987625695
Node        : salman
Process     : durability <4081>
Thread      : main thread 7f5c46b28700
Internals   : V5.5.1OSS/DurabilityService/d_durability.c/459/0/706908473
========================================================================================
Report      : INFO
Date        : Tue Oct 23 08:55:56 2012
Description : Persistence not enabled!
Node        : salman
Process     : durability <4081>
Thread      : main thread 7f5c46b28700
Internals   : V5.5.1OSS/DurabilityService/d_groupLocalListener.c/2796/0/711060213
========================================================================================
Report      : INFO
Date        : Tue Oct 23 08:59:53 2012
Description : Resend Manager for Participant 0x1003aa0 stopped
Node        : salman
Process     : networking <4082>
Thread      : resendManager 7fb293c3a700
Internals   : V5.5.1OSS/u_participant::resendManagerMain/u_participant.c/98/0/378775996
========================================================================================
Report      : INFO
Date        : Tue Oct 23 08:59:53 2012
Description : Lease Manager for Participant 0x1003aa0 stopped
Node        : salman
Process     : networking <4082>
Thread      : watchdog 7fb293c5e700
Internals   : V5.5.1OSS/u_participant::leaseManagerMain/u_participant.c/68/0/378807989
========================================================================================
Report      : INFO
Date        : Tue Oct 23 08:59:56 2012
Description : Resend Manager for Participant 0x1b06b70 stopped
Node        : salman
Process     : durability <4081>
Thread      : resendManager 7f5c46b26700
Internals   : V5.5.1OSS/u_participant::resendManagerMain/u_participant.c/98/0/792745653
========================================================================================
Report      : INFO
Date        : Tue Oct 23 08:59:56 2012
Description : Lease Manager for Participant 0x1b06b70 stopped
Node        : salman
Process     : durability <4081>
Thread      : watchdog 7f5c46b49700
Internals   : V5.5.1OSS/u_participant::leaseManagerMain/u_participant.c/68/0/792748197
========================================================================================
Report      : INFO
Date        : Tue Oct 23 08:59:57 2012
Description : The C&M Service thread is notified to terminate.
Node        : salman
Process     : spliced <4071>
Thread      : main thread 7fd973c81700
Internals   : V5.5.1OSS/v_splicedCAndMCommandDispatcherQuit/v_spliced.c/2010/0/806557751
========================================================================================
Report      : INFO
Date        : Tue Oct 23 08:59:57 2012
Description : The C&M Service thread is stopped.
Node        : salman
Process     : spliced <4071>
Thread      : OSPL C&M Command Manager 7fd973b5b700
Internals   : V5.5.1OSS/v_splicedBuiltinCAndMCommandDispatcher/v_spliced.c/2062/0/806735480
========================================================================================
Report      : INFO
Date        : Tue Oct 23 08:59:57 2012
Description : Lease Manager for Participant 0x16b5970 stopped
Node        : salman
Process     : spliced <4071>
Thread      : watchdog 7fd973ca2700
Internals   : V5.5.1OSS/u_participant::leaseManagerMain/u_participant.c/68/0/806757768
========================================================================================
Report      : INFO
Date        : Tue Oct 23 08:59:57 2012
Description : Resend Manager for Participant 0x16b5970 stopped
Node        : salman
Process     : spliced <4071>
Thread      : resendManager 7fd973c7f700
Internals   : V5.5.1OSS/u_participant::resendManagerMain/u_participant.c/98/0/806760041
========================================================================================
Report      : INFO
Date        : Tue Oct 23 08:59:57 2012
Description : ==============================================
              == The service has successfully terminated. ==
              ==============================================
Node        : salman
Process     : spliced <4071>
Thread      : main thread 7fd973c81700
Internals   : V5.5.1OSS/OpenSplice domain service/spliced.c/749/0/809885006
